<?xml version="1.0" encoding="UTF-8"?>
<testsuites>
  <testsuite name="fastlane.lanes">
    
    
    
      
      <testcase classname="fastlane.lanes" name="0: default_platform" time="0.000333304">
        
      </testcase>
    
      
      <testcase classname="fastlane.lanes" name="1: test" time="42.746204407">
        
          <failure message="/usr/lib/ruby/gems/3.0.0/gems/fastlane-2.221.1/fastlane/lib/fastlane/actions/actions_helper.rb:67:in `execute_action&apos;&#10;/usr/lib/ruby/gems/3.0.0/gems/fastlane-2.221.1/fastlane/lib/fastlane/runner.rb:255:in `block in execute_action&apos;&#10;/usr/lib/ruby/gems/3.0.0/gems/fastlane-2.221.1/fastlane/lib/fastlane/runner.rb:229:in `chdir&apos;&#10;/usr/lib/ruby/gems/3.0.0/gems/fastlane-2.221.1/fastlane/lib/fastlane/runner.rb:229:in `execute_action&apos;&#10;/usr/lib/ruby/gems/3.0.0/gems/fastlane-2.221.1/fastlane/lib/fastlane/runner.rb:157:in `trigger_action_by_name&apos;&#10;/usr/lib/ruby/gems/3.0.0/gems/fastlane-2.221.1/fastlane/lib/fastlane/fast_file.rb:159:in `method_missing&apos;&#10;Fastfile:21:in `block (2 levels) in parsing_binding&apos;&#10;/usr/lib/ruby/gems/3.0.0/gems/fastlane-2.221.1/fastlane/lib/fastlane/lane.rb:41:in `call&apos;&#10;/usr/lib/ruby/gems/3.0.0/gems/fastlane-2.221.1/fastlane/lib/fastlane/runner.rb:49:in `block in execute&apos;&#10;/usr/lib/ruby/gems/3.0.0/gems/fastlane-2.221.1/fastlane/lib/fastlane/runner.rb:45:in `chdir&apos;&#10;/usr/lib/ruby/gems/3.0.0/gems/fastlane-2.221.1/fastlane/lib/fastlane/runner.rb:45:in `execute&apos;&#10;/usr/lib/ruby/gems/3.0.0/gems/fastlane-2.221.1/fastlane/lib/fastlane/lane_manager.rb:46:in `cruise_lane&apos;&#10;/usr/lib/ruby/gems/3.0.0/gems/fastlane-2.221.1/fastlane/lib/fastlane/command_line_handler.rb:34:in `handle&apos;&#10;/usr/lib/ruby/gems/3.0.0/gems/fastlane-2.221.1/fastlane/lib/fastlane/commands_generator.rb:110:in `block (2 levels) in run&apos;&#10;/usr/lib/ruby/gems/3.0.0/gems/commander-4.6.0/lib/commander/command.rb:187:in `call&apos;&#10;/usr/lib/ruby/gems/3.0.0/gems/commander-4.6.0/lib/commander/command.rb:157:in `run&apos;&#10;/usr/lib/ruby/gems/3.0.0/gems/commander-4.6.0/lib/commander/runner.rb:444:in `run_active_command&apos;&#10;/usr/lib/ruby/gems/3.0.0/gems/fastlane-2.221.1/fastlane_core/lib/fastlane_core/ui/fastlane_runner.rb:124:in `run!&apos;&#10;/usr/lib/ruby/gems/3.0.0/gems/commander-4.6.0/lib/commander/delegates.rb:18:in `run!&apos;&#10;/usr/lib/ruby/gems/3.0.0/gems/fastlane-2.221.1/fastlane/lib/fastlane/commands_generator.rb:363:in `run&apos;&#10;/usr/lib/ruby/gems/3.0.0/gems/fastlane-2.221.1/fastlane/lib/fastlane/commands_generator.rb:43:in `start&apos;&#10;/usr/lib/ruby/gems/3.0.0/gems/fastlane-2.221.1/fastlane/lib/fastlane/cli_tools_distributor.rb:123:in `take_off&apos;&#10;/usr/lib/ruby/gems/3.0.0/gems/fastlane-2.221.1/bin/fastlane:23:in `&lt;top (required)&gt;&apos;&#10;/usr/bin/fastlane:25:in `load&apos;&#10;/usr/bin/fastlane:25:in `&lt;main&gt;&apos;&#10;&#10;Exit status of command &apos;/home/komm/AndroidStudioProjects/VPTGestureDrawing2/gradlew test -p .&apos; was 1 instead of 0.&#10;Starting a Gradle Daemon, 1 incompatible and 2 stopped Daemons could not be reused, use --status for details&#10;&gt; Task :app:preBuild UP-TO-DATE&#10;&gt; Task :app:preDebugBuild UP-TO-DATE&#10;&gt; Task :app:dataBindingMergeDependencyArtifactsDebug UP-TO-DATE&#10;&gt; Task :app:generateDebugResValues UP-TO-DATE&#10;&gt; Task :app:generateDebugResources UP-TO-DATE&#10;&gt; Task :app:mergeDebugResources UP-TO-DATE&#10;&gt; Task :app:packageDebugResources UP-TO-DATE&#10;&gt; Task :app:parseDebugLocalResources UP-TO-DATE&#10;&gt; Task :app:dataBindingGenBaseClassesDebug&#10;&gt; Task :app:javaPreCompileDebug UP-TO-DATE&#10;&gt; Task :app:checkDebugAarMetadata UP-TO-DATE&#10;&gt; Task :app:mapDebugSourceSetPaths UP-TO-DATE&#10;&gt; Task :app:createDebugCompatibleScreenManifests UP-TO-DATE&#10;&gt; Task :app:extractDeepLinksDebug UP-TO-DATE&#10;&gt; Task :app:processDebugMainManifest&#10;&gt; Task :app:processDebugManifest&#10;&gt; Task :app:preDebugUnitTestBuild UP-TO-DATE&#10;&gt; Task :app:javaPreCompileDebugUnitTest&#10;&gt; Task :app:processDebugJavaRes NO-SOURCE&#10;&gt; Task :app:processDebugUnitTestJavaRes NO-SOURCE&#10;&gt; Task :app:preReleaseBuild UP-TO-DATE&#10;&gt; Task :app:dataBindingMergeDependencyArtifactsRelease&#10;&gt; Task :app:generateReleaseResValues&#10;&gt; Task :app:generateReleaseResources&#10;&gt; Task :app:packageReleaseResources&#10;&gt; Task :app:mapReleaseSourceSetPaths&#10;&gt; Task :app:createReleaseCompatibleScreenManifests&#10;&gt; Task :app:extractDeepLinksRelease&#10;&gt; Task :app:javaPreCompileRelease&#10;&gt; Task :app:checkReleaseAarMetadata&#10;&gt; Task :app:processReleaseMainManifest&#10;&gt; Task :app:processReleaseManifest&#10;&gt; Task :app:preReleaseUnitTestBuild UP-TO-DATE&#10;&gt; Task :app:parseReleaseLocalResources&#10;&gt; Task :app:processReleaseJavaRes NO-SOURCE&#10;&gt; Task :app:javaPreCompileReleaseUnitTest&#10;&gt; Task :app:processReleaseUnitTestJavaRes NO-SOURCE&#10;&gt; Task :app:processReleaseManifestForPackage&#10;&gt; Task :app:processDebugManifestForPackage&#10;&gt; Task :app:mergeReleaseResources&#10;&gt; Task :app:dataBindingGenBaseClassesRelease&#10;&gt; Task :app:processDebugResources&#10;&gt; Task :app:processReleaseResources&#10;&#10;&gt; Task :app:compileDebugJavaWithJavac&#10;/home/komm/AndroidStudioProjects/VPTGestureDrawing2/app/src/main/java/v4lpt/vpt/f003/gdp/MainActivity.java:477: error: reached end of file while parsing&#10;}y&#10; ^&#10;1 error&#10;&#10;&gt; Task :app:compileDebugJavaWithJavac FAILED&#10;&#10;FAILURE: Build failed with an exception.&#10;&#10;* What went wrong:&#10;Execution failed for task &apos;:app:compileDebugJavaWithJavac&apos;.&#10;&gt; Compilation failed; see the compiler error output for details.&#10;&#10;* Try:&#10;&gt; Run with --info option to get more log output.&#10;&gt; Run with --scan to get full insights.&#10;&#10;BUILD FAILED in 42s&#10;35 actionable tasks: 24 executed, 11 up-to-date&#10;" />
        
      </testcase>
    
  </testsuite>
</testsuites>
